<?xml version="1.0" encoding="UTF-8"?>
<testsuite name="ScrabbleTest" tests="4" skipped="0" failures="0" errors="0" timestamp="2016-09-07T17:34:21" hostname="epicodus-11.local" time="0.002">
  <properties/>
  <testcase name="calculateScore_returnsScoreForSingleLetter_1" classname="ScrabbleTest" time="0.001"/>
  <testcase name="calculateScore_returnsScoreForMultiplePointValues_8" classname="ScrabbleTest" time="0.0"/>
  <testcase name="calculateScore_returnsScoreForRealWordWithCaps_41" classname="ScrabbleTest" time="0.0"/>
  <testcase name="calculateScore_returnsScoreForMultipleLetters_2" classname="ScrabbleTest" time="0.0"/>
  <system-out><![CDATA[]]></system-out>
  <system-err><![CDATA[]]></system-err>
</testsuite>
